<?xml version="1.0" encoding="UTF-8"?>
<!-- Generated by org.testng.reporters.JUnitXMLReporter -->
<testsuite hostname="Yash-Ka-Patel" ignored="1" name="Test" tests="8" failures="0" timestamp="31 Mar 2019 19:45:19 GMT" time="1.726" errors="0">
  <testcase name="learnDatabase" time="0.483" classname="com.web.testing.testcases.SWSprint1"/>
  <testcase name="learnExcelRead" time="0.017" classname="com.web.testing.testcases.SWSprint1"/>
  <testcase name="learnExcelRead" time="0.004" classname="com.web.testing.testcases.SWSprint1"/>
  <testcase name="learnExcelRead" time="0.006" classname="com.web.testing.testcases.SWSprint1"/>
  <testcase name="learnExcelRead" time="0.002" classname="com.web.testing.testcases.SWSprint1"/>
  <testcase name="chekinLogin" time="0.004" classname="com.web.testing.testcases.SWSprint2"/>
  <testcase name="sprint3Test" time="0.009" classname="com.web.testing.testcases.SWSprint3"/>
  <testcase name="sprint3Test1" time="0.003" classname="com.web.testing.testcases.SWSprint3"/>
  <testcase name="chekinList" time="0.0" classname="com.web.testing.testcases.SWSprint2">
    <ignored/>
  </testcase> <!-- chekinList -->
</testsuite> <!-- Test -->
